# JRE version: OpenJDK Runtime Environment Temurin-21.0.10+7 (21.0.10+7) (build 21.0.10+7-LTS)
# Java VM: OpenJDK 64-Bit Server VM Temurin-21.0.10+7 (21.0.10+7-LTS, mixed mode, sharing, tiered, compressed oops, compressed class ptrs, parallel gc, windows-amd64)
GC Precious Log:
 CardTable entry size: 512
 CPUs: 8 total, 8 available
 Memory: 16075M
 Large Page Support: Disabled
 NUMA Support: Disabled
 Compressed Oops: Enabled (32-bit)
 Alignments: Space 512K, Generation 512K, Heap 2M
 Heap Min Capacity: 100M
 Heap Initial Capacity: 100M
 Heap Max Capacity: 2G
 Pre-touch: Disabled
 Parallel Workers: 8
Heap:
 PSYoungGen      total 12288K, used 11431K [0x00000000d5580000, 0x00000000d6600000, 0x0000000100000000)
  eden space 10752K, 96% used [0x00000000d5580000,0x00000000d5fa5418,0x00000000d6000000)
  from space 1536K, 68% used [0x00000000d6480000,0x00000000d6585430,0x00000000d6600000)
  to   space 2048K, 0% used [0x00000000d6200000,0x00000000d6200000,0x00000000d6400000)
 ParOldGen       total 778752K, used 200672K [0x0000000080000000, 0x00000000af880000, 0x00000000d5580000)
  object space 778752K, 25% used [0x0000000080000000,0x000000008c3f8220,0x00000000af880000)
 Metaspace       used 85529K, committed 87488K, reserved 1179648K
  class space    used 8600K, committed 9536K, reserved 1048576K
GC Heap History (20 events):
Event: 172.490 GC heap before
{Heap before GC invocations=934 (full 5):
 PSYoungGen      total 12800K, used 12769K [0x00000000d5580000, 0x00000000d6d00000, 0x0000000100000000)
  eden space 10752K, 100% used [0x00000000d5580000,0x00000000d6000000,0x00000000d6000000)
  from space 2048K, 98% used [0x00000000d6780000,0x00000000d6978790,0x00000000d6980000)
  to   space 6656K, 0% used [0x00000000d6000000,0x00000000d6000000,0x00000000d6680000)
 ParOldGen       total 778752K, used 169888K [0x0000000080000000, 0x00000000af880000, 0x00000000d5580000)
  object space 778752K, 21% used [0x0000000080000000,0x000000008a5e81d0,0x00000000af880000)
 Metaspace       used 84953K, committed 86912K, reserved 1179648K
  class space    used 8555K, committed 9472K, reserved 1048576K
}
Event: 172.493 GC heap after
{Heap after GC invocations=934 (full 5):
 PSYoungGen      total 16896K, used 5856K [0x00000000d5580000, 0x00000000d6c00000, 0x0000000100000000)
  eden space 10752K, 0% used [0x00000000d5580000,0x00000000d5580000,0x00000000d6000000)
  from space 6144K, 95% used [0x00000000d6000000,0x00000000d65b8000,0x00000000d6600000)
  to   space 6144K, 0% used [0x00000000d6600000,0x00000000d6600000,0x00000000d6c00000)
 ParOldGen       total 778752K, used 171938K [0x0000000080000000, 0x00000000af880000, 0x00000000d5580000)
  object space 778752K, 22% used [0x0000000080000000,0x000000008a7e8960,0x00000000af880000)
 Metaspace       used 84953K, committed 86912K, reserved 1179648K
  class space    used 8555K, committed 9472K, reserved 1048576K
}
Event: 172.524 GC heap before
{Heap before GC invocations=935 (full 5):
 PSYoungGen      total 16896K, used 16608K [0x00000000d5580000, 0x00000000d6c00000, 0x0000000100000000)
  eden space 10752K, 100% used [0x00000000d5580000,0x00000000d6000000,0x00000000d6000000)
  from space 6144K, 95% used [0x00000000d6000000,0x00000000d65b8000,0x00000000d6600000)
  to   space 6144K, 0% used [0x00000000d6600000,0x00000000d6600000,0x00000000d6c00000)
 ParOldGen       total 778752K, used 171938K [0x0000000080000000, 0x00000000af880000, 0x00000000d5580000)
  object space 778752K, 22% used [0x0000000080000000,0x000000008a7e8960,0x00000000af880000)
 Metaspace       used 84959K, committed 86912K, reserved 1179648K
  class space    used 8555K, committed 9472K, reserved 1048576K
}
Event: 172.528 GC heap after
{Heap after GC invocations=935 (full 5):
 PSYoungGen      total 14336K, used 3472K [0x00000000d5580000, 0x00000000d6980000, 0x0000000100000000)
  eden space 10752K, 0% used [0x00000000d5580000,0x00000000d5580000,0x00000000d6000000)
  from space 3584K, 96% used [0x00000000d6600000,0x00000000d6964000,0x00000000d6980000)
  to   space 4608K, 0% used [0x00000000d6080000,0x00000000d6080000,0x00000000d6500000)
 ParOldGen       total 778752K, used 177746K [0x0000000080000000, 0x00000000af880000, 0x00000000d5580000)
  object space 778752K, 22% used [0x0000000080000000,0x000000008ad94960,0x00000000af880000)
 Metaspace       used 84959K, committed 86912K, reserved 1179648K
  class space    used 8555K, committed 9472K, reserved 1048576K
}
Event: 172.607 GC heap before
{Heap before GC invocations=936 (full 5):
 PSYoungGen      total 14336K, used 14224K [0x00000000d5580000, 0x00000000d6980000, 0x0000000100000000)
  eden space 10752K, 100% used [0x00000000d5580000,0x00000000d6000000,0x00000000d6000000)
  from space 3584K, 96% used [0x00000000d6600000,0x00000000d6964000,0x00000000d6980000)
  to   space 4608K, 0% used [0x00000000d6080000,0x00000000d6080000,0x00000000d6500000)
 ParOldGen       total 778752K, used 177746K [0x0000000080000000, 0x00000000af880000, 0x00000000d5580000)
  object space 778752K, 22% used [0x0000000080000000,0x000000008ad94960,0x00000000af880000)
 Metaspace       used 84994K, committed 86976K, reserved 1179648K
  class space    used 8555K, committed 9472K, reserved 1048576K
}
Event: 172.611 GC heap after
{Heap after GC invocations=936 (full 5):
 PSYoungGen      total 12800K, used 1856K [0x00000000d5580000, 0x00000000d6680000, 0x0000000100000000)
  eden space 10752K, 0% used [0x00000000d5580000,0x00000000d5580000,0x00000000d6000000)
  from space 2048K, 90% used [0x00000000d6080000,0x00000000d6250000,0x00000000d6280000)
  to   space 3072K, 0% used [0x00000000d6380000,0x00000000d6380000,0x00000000d6680000)
 ParOldGen       total 778752K, used 181098K [0x0000000080000000, 0x00000000af880000, 0x00000000d5580000)
  object space 778752K, 23% used [0x0000000080000000,0x000000008b0da970,0x00000000af880000)
 Metaspace       used 84994K, committed 86976K, reserved 1179648K
  class space    used 8555K, committed 9472K, reserved 1048576K
}
Event: 172.673 GC heap before
{Heap before GC invocations=937 (full 5):
 PSYoungGen      total 12800K, used 12584K [0x00000000d5580000, 0x00000000d6680000, 0x0000000100000000)
  eden space 10752K, 99% used [0x00000000d5580000,0x00000000d5ffa160,0x00000000d6000000)
  from space 2048K, 90% used [0x00000000d6080000,0x00000000d6250000,0x00000000d6280000)
  to   space 3072K, 0% used [0x00000000d6380000,0x00000000d6380000,0x00000000d6680000)
 ParOldGen       total 778752K, used 181098K [0x0000000080000000, 0x00000000af880000, 0x00000000d5580000)
  object space 778752K, 23% used [0x0000000080000000,0x000000008b0da970,0x00000000af880000)
 Metaspace       used 85037K, committed 86976K, reserved 1179648K
  class space    used 8555K, committed 9472K, reserved 1048576K
}
Event: 172.675 GC heap after
{Heap after GC invocations=937 (full 5):
 PSYoungGen      total 13312K, used 2275K [0x00000000d5580000, 0x00000000d6600000, 0x0000000100000000)
  eden space 10752K, 0% used [0x00000000d5580000,0x00000000d5580000,0x00000000d6000000)
  from space 2560K, 88% used [0x00000000d6380000,0x00000000d65b8ed0,0x00000000d6600000)
  to   space 2560K, 0% used [0x00000000d6100000,0x00000000d6100000,0x00000000d6380000)
 ParOldGen       total 778752K, used 182794K [0x0000000080000000, 0x00000000af880000, 0x00000000d5580000)
  object space 778752K, 23% used [0x0000000080000000,0x000000008b282bd0,0x00000000af880000)
 Metaspace       used 85037K, committed 86976K, reserved 1179648K
  class space    used 8555K, committed 9472K, reserved 1048576K
}
Event: 172.691 GC heap before
{Heap before GC invocations=938 (full 5):
 PSYoungGen      total 13312K, used 13004K [0x00000000d5580000, 0x00000000d6600000, 0x0000000100000000)
  eden space 10752K, 99% used [0x00000000d5580000,0x00000000d5ffa318,0x00000000d6000000)
  from space 2560K, 88% used [0x00000000d6380000,0x00000000d65b8ed0,0x00000000d6600000)
  to   space 2560K, 0% used [0x00000000d6100000,0x00000000d6100000,0x00000000d6380000)
 ParOldGen       total 778752K, used 182794K [0x0000000080000000, 0x00000000af880000, 0x00000000d5580000)
  object space 778752K, 23% used [0x0000000080000000,0x000000008b282bd0,0x00000000af880000)
 Metaspace       used 85037K, committed 86976K, reserved 1179648K
  class space    used 8555K, committed 9472K, reserved 1048576K
}
Event: 172.694 GC heap after
{Heap after GC invocations=938 (full 5):
 PSYoungGen      total 13312K, used 2544K [0x00000000d5580000, 0x00000000d7100000, 0x0000000100000000)
  eden space 10752K, 0% used [0x00000000d5580000,0x00000000d5580000,0x00000000d6000000)
  from space 2560K, 99% used [0x00000000d6100000,0x00000000d637c320,0x00000000d6380000)
  to   space 8704K, 0% used [0x00000000d6880000,0x00000000d6880000,0x00000000d7100000)
 ParOldGen       total 778752K, used 187901K [0x0000000080000000, 0x00000000af880000, 0x00000000d5580000)
  object space 778752K, 24% used [0x0000000080000000,0x000000008b77f7a8,0x00000000af880000)
 Metaspace       used 85037K, committed 86976K, reserved 1179648K
  class space    used 8555K, committed 9472K, reserved 1048576K
}
Event: 172.707 GC heap before
{Heap before GC invocations=939 (full 5):
 PSYoungGen      total 13312K, used 13296K [0x00000000d5580000, 0x00000000d7100000, 0x0000000100000000)
  eden space 10752K, 100% used [0x00000000d5580000,0x00000000d6000000,0x00000000d6000000)
  from space 2560K, 99% used [0x00000000d6100000,0x00000000d637c320,0x00000000d6380000)
  to   space 8704K, 0% used [0x00000000d6880000,0x00000000d6880000,0x00000000d7100000)
 ParOldGen       total 778752K, used 187901K [0x0000000080000000, 0x00000000af880000, 0x00000000d5580000)
  object space 778752K, 24% used [0x0000000080000000,0x000000008b77f7a8,0x00000000af880000)
 Metaspace       used 85039K, committed 86976K, reserved 1179648K
  class space    used 8555K, committed 9472K, reserved 1048576K
}
Event: 172.710 GC heap after
{Heap after GC invocations=939 (full 5):
 PSYoungGen      total 15360K, used 4344K [0x00000000d5580000, 0x00000000d6d00000, 0x0000000100000000)
  eden space 10752K, 0% used [0x00000000d5580000,0x00000000d5580000,0x00000000d6000000)
  from space 4608K, 94% used [0x00000000d6880000,0x00000000d6cbe3d0,0x00000000d6d00000)
  to   space 5632K, 0% used [0x00000000d6200000,0x00000000d6200000,0x00000000d6780000)
 ParOldGen       total 778752K, used 190416K [0x0000000080000000, 0x00000000af880000, 0x00000000d5580000)
  object space 778752K, 24% used [0x0000000080000000,0x000000008b9f43a0,0x00000000af880000)
 Metaspace       used 85039K, committed 86976K, reserved 1179648K
  class space    used 8555K, committed 9472K, reserved 1048576K
}
Event: 172.730 GC heap before
{Heap before GC invocations=940 (full 5):
 PSYoungGen      total 15360K, used 15096K [0x00000000d5580000, 0x00000000d6d00000, 0x0000000100000000)
  eden space 10752K, 100% used [0x00000000d5580000,0x00000000d6000000,0x00000000d6000000)
  from space 4608K, 94% used [0x00000000d6880000,0x00000000d6cbe3d0,0x00000000d6d00000)
  to   space 5632K, 0% used [0x00000000d6200000,0x00000000d6200000,0x00000000d6780000)
 ParOldGen       total 778752K, used 190416K [0x0000000080000000, 0x00000000af880000, 0x00000000d5580000)
  object space 778752K, 24% used [0x0000000080000000,0x000000008b9f43a0,0x00000000af880000)
 Metaspace       used 85046K, committed 86976K, reserved 1179648K
  class space    used 8555K, committed 9472K, reserved 1048576K
}
Event: 172.733 GC heap after
{Heap after GC invocations=940 (full 5):
 PSYoungGen      total 14336K, used 3104K [0x00000000d5580000, 0x00000000d6900000, 0x0000000100000000)
  eden space 10752K, 0% used [0x00000000d5580000,0x00000000d5580000,0x00000000d6000000)
  from space 3584K, 86% used [0x00000000d6200000,0x00000000d6508030,0x00000000d6580000)
  to   space 3584K, 0% used [0x00000000d6580000,0x00000000d6580000,0x00000000d6900000)
 ParOldGen       total 778752K, used 194627K [0x0000000080000000, 0x00000000af880000, 0x00000000d5580000)
  object space 778752K, 24% used [0x0000000080000000,0x000000008be10c68,0x00000000af880000)
 Metaspace       used 85046K, committed 86976K, reserved 1179648K
  class space    used 8555K, committed 9472K, reserved 1048576K
}
Event: 172.754 GC heap before
{Heap before GC invocations=941 (full 5):
 PSYoungGen      total 14336K, used 13856K [0x00000000d5580000, 0x00000000d6900000, 0x0000000100000000)
  eden space 10752K, 100% used [0x00000000d5580000,0x00000000d6000000,0x00000000d6000000)
  from space 3584K, 86% used [0x00000000d6200000,0x00000000d6508030,0x00000000d6580000)
  to   space 3584K, 0% used [0x00000000d6580000,0x00000000d6580000,0x00000000d6900000)
 ParOldGen       total 778752K, used 194627K [0x0000000080000000, 0x00000000af880000, 0x00000000d5580000)
  object space 778752K, 24% used [0x0000000080000000,0x000000008be10c68,0x00000000af880000)
 Metaspace       used 85057K, committed 87040K, reserved 1179648K
  class space    used 8555K, committed 9472K, reserved 1048576K
}
Event: 172.756 GC heap after
{Heap after GC invocations=941 (full 5):
 PSYoungGen      total 11776K, used 864K [0x00000000d5580000, 0x00000000d6680000, 0x0000000100000000)
  eden space 10752K, 0% used [0x00000000d5580000,0x00000000d5580000,0x00000000d6000000)
  from space 1024K, 84% used [0x00000000d6580000,0x00000000d6658020,0x00000000d6680000)
  to   space 2048K, 0% used [0x00000000d6280000,0x00000000d6280000,0x00000000d6480000)
 ParOldGen       total 778752K, used 197347K [0x0000000080000000, 0x00000000af880000, 0x00000000d5580000)
  object space 778752K, 25% used [0x0000000080000000,0x000000008c0b8cf8,0x00000000af880000)
 Metaspace       used 85057K, committed 87040K, reserved 1179648K
  class space    used 8555K, committed 9472K, reserved 1048576K
}
Event: 172.779 GC heap before
{Heap before GC invocations=942 (full 5):
 PSYoungGen      total 11776K, used 11616K [0x00000000d5580000, 0x00000000d6680000, 0x0000000100000000)
  eden space 10752K, 99% used [0x00000000d5580000,0x00000000d5fffff0,0x00000000d6000000)
  from space 1024K, 84% used [0x00000000d6580000,0x00000000d6658020,0x00000000d6680000)
  to   space 2048K, 0% used [0x00000000d6280000,0x00000000d6280000,0x00000000d6480000)
 ParOldGen       total 778752K, used 197347K [0x0000000080000000, 0x00000000af880000, 0x00000000d5580000)
  object space 778752K, 25% used [0x0000000080000000,0x000000008c0b8cf8,0x00000000af880000)
 Metaspace       used 85155K, committed 87104K, reserved 1179648K
  class space    used 8566K, committed 9472K, reserved 1048576K
}
Event: 172.781 GC heap after
{Heap after GC invocations=942 (full 5):
 PSYoungGen      total 12800K, used 2016K [0x00000000d5580000, 0x00000000d6800000, 0x0000000100000000)
  eden space 10752K, 0% used [0x00000000d5580000,0x00000000d5580000,0x00000000d6000000)
  from space 2048K, 98% used [0x00000000d6280000,0x00000000d6478010,0x00000000d6480000)
  to   space 3584K, 0% used [0x00000000d6480000,0x00000000d6480000,0x00000000d6800000)
 ParOldGen       total 778752K, used 198696K [0x0000000080000000, 0x00000000af880000, 0x00000000d5580000)
  object space 778752K, 25% used [0x0000000080000000,0x000000008c20a290,0x00000000af880000)
 Metaspace       used 85155K, committed 87104K, reserved 1179648K
  class space    used 8566K, committed 9472K, reserved 1048576K
}
Event: 172.826 GC heap before
{Heap before GC invocations=943 (full 5):
 PSYoungGen      total 12800K, used 12768K [0x00000000d5580000, 0x00000000d6800000, 0x0000000100000000)
  eden space 10752K, 100% used [0x00000000d5580000,0x00000000d6000000,0x00000000d6000000)
  from space 2048K, 98% used [0x00000000d6280000,0x00000000d6478010,0x00000000d6480000)
  to   space 3584K, 0% used [0x00000000d6480000,0x00000000d6480000,0x00000000d6800000)
 ParOldGen       total 778752K, used 198696K [0x0000000080000000, 0x00000000af880000, 0x00000000d5580000)
  object space 778752K, 25% used [0x0000000080000000,0x000000008c20a290,0x00000000af880000)
 Metaspace       used 85513K, committed 87488K, reserved 1179648K
  class space    used 8599K, committed 9536K, reserved 1048576K
}
Event: 172.828 GC heap after
{Heap after GC invocations=943 (full 5):
 PSYoungGen      total 12288K, used 1045K [0x00000000d5580000, 0x00000000d6600000, 0x0000000100000000)
  eden space 10752K, 0% used [0x00000000d5580000,0x00000000d5580000,0x00000000d6000000)
  from space 1536K, 68% used [0x00000000d6480000,0x00000000d6585430,0x00000000d6600000)
  to   space 2048K, 0% used [0x00000000d6200000,0x00000000d6200000,0x00000000d6400000)
 ParOldGen       total 778752K, used 200672K [0x0000000080000000, 0x00000000af880000, 0x00000000d5580000)
  object space 778752K, 25% used [0x0000000080000000,0x000000008c3f8220,0x00000000af880000)
 Metaspace       used 85513K, committed 87488K, reserved 1179648K
  class space    used 8599K, committed 9536K, reserved 1048576K
}

