# JRE version: OpenJDK Runtime Environment Temurin-21.0.10+7 (21.0.10+7) (build 21.0.10+7-LTS)
# Java VM: OpenJDK 64-Bit Server VM Temurin-21.0.10+7 (21.0.10+7-LTS, mixed mode, sharing, tiered, compressed oops, compressed class ptrs, parallel gc, windows-amd64)
GC Precious Log:
 CardTable entry size: 512
 CPUs: 8 total, 8 available
 Memory: 16075M
 Large Page Support: Disabled
 NUMA Support: Disabled
 Compressed Oops: Enabled (32-bit)
 Alignments: Space 512K, Generation 512K, Heap 2M
 Heap Min Capacity: 100M
 Heap Initial Capacity: 100M
 Heap Max Capacity: 2G
 Pre-touch: Disabled
 Parallel Workers: 8
Heap:
 PSYoungGen      total 4608K, used 3778K [0x00000000d5580000, 0x00000000d5c00000, 0x0000000100000000)
  eden space 4096K, 88% used [0x00000000d5580000,0x00000000d59089e8,0x00000000d5980000)
  from space 512K, 31% used [0x00000000d5b80000,0x00000000d5ba8000,0x00000000d5c00000)
  to   space 512K, 0% used [0x00000000d5b00000,0x00000000d5b00000,0x00000000d5b80000)
 ParOldGen       total 184320K, used 184190K [0x0000000080000000, 0x000000008b400000, 0x00000000d5580000)
  object space 184320K, 99% used [0x0000000080000000,0x000000008b3df980,0x000000008b400000)
 Metaspace       used 76587K, committed 78272K, reserved 1179648K
  class space    used 7911K, committed 8640K, reserved 1048576K
GC Heap History (20 events):
Event: 17.884 GC heap before
{Heap before GC invocations=757 (full 4):
 PSYoungGen      total 5120K, used 4487K [0x00000000d5580000, 0x00000000d5b80000, 0x0000000100000000)
  eden space 4096K, 100% used [0x00000000d5580000,0x00000000d5980000,0x00000000d5980000)
  from space 1024K, 38% used [0x00000000d5980000,0x00000000d59e1d88,0x00000000d5a80000)
  to   space 512K, 0% used [0x00000000d5b00000,0x00000000d5b00000,0x00000000d5b80000)
 ParOldGen       total 179200K, used 179153K [0x0000000080000000, 0x000000008af00000, 0x00000000d5580000)
  object space 179200K, 99% used [0x0000000080000000,0x000000008aef47a8,0x000000008af00000)
 Metaspace       used 76137K, committed 77888K, reserved 1179648K
  class space    used 7876K, committed 8640K, reserved 1048576K
}
Event: 17.885 GC heap after
{Heap after GC invocations=757 (full 4):
 PSYoungGen      total 4608K, used 417K [0x00000000d5580000, 0x00000000d5b80000, 0x0000000100000000)
  eden space 4096K, 0% used [0x00000000d5580000,0x00000000d5580000,0x00000000d5980000)
  from space 512K, 81% used [0x00000000d5b00000,0x00000000d5b685b0,0x00000000d5b80000)
  to   space 512K, 0% used [0x00000000d5a80000,0x00000000d5a80000,0x00000000d5b00000)
 ParOldGen       total 179712K, used 179387K [0x0000000080000000, 0x000000008af80000, 0x00000000d5580000)
  object space 179712K, 99% used [0x0000000080000000,0x000000008af2ed88,0x000000008af80000)
 Metaspace       used 76137K, committed 77888K, reserved 1179648K
  class space    used 7876K, committed 8640K, reserved 1048576K
}
Event: 17.890 GC heap before
{Heap before GC invocations=758 (full 4):
 PSYoungGen      total 4608K, used 4513K [0x00000000d5580000, 0x00000000d5b80000, 0x0000000100000000)
  eden space 4096K, 100% used [0x00000000d5580000,0x00000000d5980000,0x00000000d5980000)
  from space 512K, 81% used [0x00000000d5b00000,0x00000000d5b685b0,0x00000000d5b80000)
  to   space 512K, 0% used [0x00000000d5a80000,0x00000000d5a80000,0x00000000d5b00000)
 ParOldGen       total 179712K, used 179387K [0x0000000080000000, 0x000000008af80000, 0x00000000d5580000)
  object space 179712K, 99% used [0x0000000080000000,0x000000008af2ed88,0x000000008af80000)
 Metaspace       used 76149K, committed 77888K, reserved 1179648K
  class space    used 7878K, committed 8640K, reserved 1048576K
}
Event: 17.891 GC heap after
{Heap after GC invocations=758 (full 4):
 PSYoungGen      total 4608K, used 256K [0x00000000d5580000, 0x00000000d5b80000, 0x0000000100000000)
  eden space 4096K, 0% used [0x00000000d5580000,0x00000000d5580000,0x00000000d5980000)
  from space 512K, 50% used [0x00000000d5a80000,0x00000000d5ac0000,0x00000000d5b00000)
  to   space 512K, 0% used [0x00000000d5b00000,0x00000000d5b00000,0x00000000d5b80000)
 ParOldGen       total 180224K, used 179749K [0x0000000080000000, 0x000000008b000000, 0x00000000d5580000)
  object space 180224K, 99% used [0x0000000080000000,0x000000008af897a0,0x000000008b000000)
 Metaspace       used 76149K, committed 77888K, reserved 1179648K
  class space    used 7878K, committed 8640K, reserved 1048576K
}
Event: 17.901 GC heap before
{Heap before GC invocations=759 (full 4):
 PSYoungGen      total 4608K, used 4352K [0x00000000d5580000, 0x00000000d5b80000, 0x0000000100000000)
  eden space 4096K, 100% used [0x00000000d5580000,0x00000000d5980000,0x00000000d5980000)
  from space 512K, 50% used [0x00000000d5a80000,0x00000000d5ac0000,0x00000000d5b00000)
  to   space 512K, 0% used [0x00000000d5b00000,0x00000000d5b00000,0x00000000d5b80000)
 ParOldGen       total 180224K, used 179749K [0x0000000080000000, 0x000000008b000000, 0x00000000d5580000)
  object space 180224K, 99% used [0x0000000080000000,0x000000008af897a0,0x000000008b000000)
 Metaspace       used 76170K, committed 77888K, reserved 1179648K
  class space    used 7879K, committed 8640K, reserved 1048576K
}
Event: 17.903 GC heap after
{Heap after GC invocations=759 (full 4):
 PSYoungGen      total 4608K, used 384K [0x00000000d5580000, 0x00000000d5b80000, 0x0000000100000000)
  eden space 4096K, 0% used [0x00000000d5580000,0x00000000d5580000,0x00000000d5980000)
  from space 512K, 75% used [0x00000000d5b00000,0x00000000d5b60000,0x00000000d5b80000)
  to   space 512K, 0% used [0x00000000d5a80000,0x00000000d5a80000,0x00000000d5b00000)
 ParOldGen       total 180224K, used 179861K [0x0000000080000000, 0x000000008b000000, 0x00000000d5580000)
  object space 180224K, 99% used [0x0000000080000000,0x000000008afa57a0,0x000000008b000000)
 Metaspace       used 76170K, committed 77888K, reserved 1179648K
  class space    used 7879K, committed 8640K, reserved 1048576K
}
Event: 17.921 GC heap before
{Heap before GC invocations=760 (full 4):
 PSYoungGen      total 4608K, used 4480K [0x00000000d5580000, 0x00000000d5b80000, 0x0000000100000000)
  eden space 4096K, 100% used [0x00000000d5580000,0x00000000d5980000,0x00000000d5980000)
  from space 512K, 75% used [0x00000000d5b00000,0x00000000d5b60000,0x00000000d5b80000)
  to   space 512K, 0% used [0x00000000d5a80000,0x00000000d5a80000,0x00000000d5b00000)
 ParOldGen       total 180224K, used 179861K [0x0000000080000000, 0x000000008b000000, 0x00000000d5580000)
  object space 180224K, 99% used [0x0000000080000000,0x000000008afa57a0,0x000000008b000000)
 Metaspace       used 76262K, committed 77952K, reserved 1179648K
  class space    used 7880K, committed 8640K, reserved 1048576K
}
Event: 17.924 GC heap after
{Heap after GC invocations=760 (full 4):
 PSYoungGen      total 4608K, used 482K [0x00000000d5580000, 0x00000000d5d80000, 0x0000000100000000)
  eden space 4096K, 0% used [0x00000000d5580000,0x00000000d5580000,0x00000000d5980000)
  from space 512K, 94% used [0x00000000d5a80000,0x00000000d5af8a18,0x00000000d5b00000)
  to   space 2048K, 0% used [0x00000000d5b80000,0x00000000d5b80000,0x00000000d5d80000)
 ParOldGen       total 181248K, used 180778K [0x0000000080000000, 0x000000008b100000, 0x00000000d5580000)
  object space 181248K, 99% used [0x0000000080000000,0x000000008b08aa88,0x000000008b100000)
 Metaspace       used 76262K, committed 77952K, reserved 1179648K
  class space    used 7880K, committed 8640K, reserved 1048576K
}
Event: 17.934 GC heap before
{Heap before GC invocations=761 (full 4):
 PSYoungGen      total 4608K, used 4578K [0x00000000d5580000, 0x00000000d5d80000, 0x0000000100000000)
  eden space 4096K, 100% used [0x00000000d5580000,0x00000000d5980000,0x00000000d5980000)
  from space 512K, 94% used [0x00000000d5a80000,0x00000000d5af8a18,0x00000000d5b00000)
  to   space 2048K, 0% used [0x00000000d5b80000,0x00000000d5b80000,0x00000000d5d80000)
 ParOldGen       total 181248K, used 180778K [0x0000000080000000, 0x000000008b100000, 0x00000000d5580000)
  object space 181248K, 99% used [0x0000000080000000,0x000000008b08aa88,0x000000008b100000)
 Metaspace       used 76283K, committed 77952K, reserved 1179648K
  class space    used 7882K, committed 8640K, reserved 1048576K
}
Event: 17.935 GC heap after
{Heap after GC invocations=761 (full 4):
 PSYoungGen      total 4608K, used 368K [0x00000000d5580000, 0x00000000d5c00000, 0x0000000100000000)
  eden space 4096K, 0% used [0x00000000d5580000,0x00000000d5580000,0x00000000d5980000)
  from space 512K, 71% used [0x00000000d5b80000,0x00000000d5bdc010,0x00000000d5c00000)
  to   space 1024K, 0% used [0x00000000d5a00000,0x00000000d5a00000,0x00000000d5b00000)
 ParOldGen       total 181248K, used 181207K [0x0000000080000000, 0x000000008b100000, 0x00000000d5580000)
  object space 181248K, 99% used [0x0000000080000000,0x000000008b0f5ea8,0x000000008b100000)
 Metaspace       used 76283K, committed 77952K, reserved 1179648K
  class space    used 7882K, committed 8640K, reserved 1048576K
}
Event: 17.954 GC heap before
{Heap before GC invocations=762 (full 4):
 PSYoungGen      total 4608K, used 4464K [0x00000000d5580000, 0x00000000d5c00000, 0x0000000100000000)
  eden space 4096K, 100% used [0x00000000d5580000,0x00000000d5980000,0x00000000d5980000)
  from space 512K, 71% used [0x00000000d5b80000,0x00000000d5bdc010,0x00000000d5c00000)
  to   space 1024K, 0% used [0x00000000d5a00000,0x00000000d5a00000,0x00000000d5b00000)
 ParOldGen       total 181248K, used 181207K [0x0000000080000000, 0x000000008b100000, 0x00000000d5580000)
  object space 181248K, 99% used [0x0000000080000000,0x000000008b0f5ea8,0x000000008b100000)
 Metaspace       used 76373K, committed 78080K, reserved 1179648K
  class space    used 7893K, committed 8640K, reserved 1048576K
}
Event: 17.956 GC heap after
{Heap after GC invocations=762 (full 4):
 PSYoungGen      total 5120K, used 640K [0x00000000d5580000, 0x00000000d5c00000, 0x0000000100000000)
  eden space 4096K, 0% used [0x00000000d5580000,0x00000000d5580000,0x00000000d5980000)
  from space 1024K, 62% used [0x00000000d5a00000,0x00000000d5aa0000,0x00000000d5b00000)
  to   space 1024K, 0% used [0x00000000d5b00000,0x00000000d5b00000,0x00000000d5c00000)
 ParOldGen       total 181760K, used 181487K [0x0000000080000000, 0x000000008b180000, 0x00000000d5580000)
  object space 181760K, 99% used [0x0000000080000000,0x000000008b13bed8,0x000000008b180000)
 Metaspace       used 76373K, committed 78080K, reserved 1179648K
  class space    used 7893K, committed 8640K, reserved 1048576K
}
Event: 18.029 GC heap before
{Heap before GC invocations=763 (full 4):
 PSYoungGen      total 5120K, used 4736K [0x00000000d5580000, 0x00000000d5c00000, 0x0000000100000000)
  eden space 4096K, 100% used [0x00000000d5580000,0x00000000d5980000,0x00000000d5980000)
  from space 1024K, 62% used [0x00000000d5a00000,0x00000000d5aa0000,0x00000000d5b00000)
  to   space 1024K, 0% used [0x00000000d5b00000,0x00000000d5b00000,0x00000000d5c00000)
 ParOldGen       total 181760K, used 181487K [0x0000000080000000, 0x000000008b180000, 0x00000000d5580000)
  object space 181760K, 99% used [0x0000000080000000,0x000000008b13bed8,0x000000008b180000)
 Metaspace       used 76515K, committed 78208K, reserved 1179648K
  class space    used 7905K, committed 8640K, reserved 1048576K
}
Event: 18.030 GC heap after
{Heap after GC invocations=763 (full 4):
 PSYoungGen      total 4608K, used 320K [0x00000000d5580000, 0x00000000d5b80000, 0x0000000100000000)
  eden space 4096K, 0% used [0x00000000d5580000,0x00000000d5580000,0x00000000d5980000)
  from space 512K, 62% used [0x00000000d5b00000,0x00000000d5b50000,0x00000000d5b80000)
  to   space 512K, 0% used [0x00000000d5a80000,0x00000000d5a80000,0x00000000d5b00000)
 ParOldGen       total 182272K, used 181999K [0x0000000080000000, 0x000000008b200000, 0x00000000d5580000)
  object space 182272K, 99% used [0x0000000080000000,0x000000008b1bbe38,0x000000008b200000)
 Metaspace       used 76515K, committed 78208K, reserved 1179648K
  class space    used 7905K, committed 8640K, reserved 1048576K
}
Event: 18.074 GC heap before
{Heap before GC invocations=764 (full 4):
 PSYoungGen      total 4608K, used 4416K [0x00000000d5580000, 0x00000000d5b80000, 0x0000000100000000)
  eden space 4096K, 100% used [0x00000000d5580000,0x00000000d5980000,0x00000000d5980000)
  from space 512K, 62% used [0x00000000d5b00000,0x00000000d5b50000,0x00000000d5b80000)
  to   space 512K, 0% used [0x00000000d5a80000,0x00000000d5a80000,0x00000000d5b00000)
 ParOldGen       total 182272K, used 181999K [0x0000000080000000, 0x000000008b200000, 0x00000000d5580000)
  object space 182272K, 99% used [0x0000000080000000,0x000000008b1bbe38,0x000000008b200000)
 Metaspace       used 76561K, committed 78208K, reserved 1179648K
  class space    used 7910K, committed 8640K, reserved 1048576K
}
Event: 18.076 GC heap after
{Heap after GC invocations=764 (full 4):
 PSYoungGen      total 4608K, used 511K [0x00000000d5580000, 0x00000000d5d80000, 0x0000000100000000)
  eden space 4096K, 0% used [0x00000000d5580000,0x00000000d5580000,0x00000000d5980000)
  from space 512K, 99% used [0x00000000d5a80000,0x00000000d5affcb0,0x00000000d5b00000)
  to   space 2048K, 0% used [0x00000000d5b80000,0x00000000d5b80000,0x00000000d5d80000)
 ParOldGen       total 183296K, used 183236K [0x0000000080000000, 0x000000008b300000, 0x00000000d5580000)
  object space 183296K, 99% used [0x0000000080000000,0x000000008b2f1110,0x000000008b300000)
 Metaspace       used 76561K, committed 78208K, reserved 1179648K
  class space    used 7910K, committed 8640K, reserved 1048576K
}
Event: 18.085 GC heap before
{Heap before GC invocations=765 (full 4):
 PSYoungGen      total 4608K, used 4606K [0x00000000d5580000, 0x00000000d5d80000, 0x0000000100000000)
  eden space 4096K, 99% used [0x00000000d5580000,0x00000000d597fec0,0x00000000d5980000)
  from space 512K, 99% used [0x00000000d5a80000,0x00000000d5affcb0,0x00000000d5b00000)
  to   space 2048K, 0% used [0x00000000d5b80000,0x00000000d5b80000,0x00000000d5d80000)
 ParOldGen       total 183296K, used 183236K [0x0000000080000000, 0x000000008b300000, 0x00000000d5580000)
  object space 183296K, 99% used [0x0000000080000000,0x000000008b2f1110,0x000000008b300000)
 Metaspace       used 76584K, committed 78272K, reserved 1179648K
  class space    used 7911K, committed 8640K, reserved 1048576K
}
Event: 18.086 GC heap after
{Heap after GC invocations=765 (full 4):
 PSYoungGen      total 5120K, used 768K [0x00000000d5580000, 0x00000000d5c80000, 0x0000000100000000)
  eden space 4096K, 0% used [0x00000000d5580000,0x00000000d5580000,0x00000000d5980000)
  from space 1024K, 75% used [0x00000000d5b80000,0x00000000d5c40020,0x00000000d5c80000)
  to   space 1536K, 0% used [0x00000000d5980000,0x00000000d5980000,0x00000000d5b00000)
 ParOldGen       total 183808K, used 183470K [0x0000000080000000, 0x000000008b380000, 0x00000000d5580000)
  object space 183808K, 99% used [0x0000000080000000,0x000000008b32b960,0x000000008b380000)
 Metaspace       used 76584K, committed 78272K, reserved 1179648K
  class space    used 7911K, committed 8640K, reserved 1048576K
}
Event: 18.099 GC heap before
{Heap before GC invocations=766 (full 4):
 PSYoungGen      total 5120K, used 4864K [0x00000000d5580000, 0x00000000d5c80000, 0x0000000100000000)
  eden space 4096K, 100% used [0x00000000d5580000,0x00000000d5980000,0x00000000d5980000)
  from space 1024K, 75% used [0x00000000d5b80000,0x00000000d5c40020,0x00000000d5c80000)
  to   space 1536K, 0% used [0x00000000d5980000,0x00000000d5980000,0x00000000d5b00000)
 ParOldGen       total 183808K, used 183470K [0x0000000080000000, 0x000000008b380000, 0x00000000d5580000)
  object space 183808K, 99% used [0x0000000080000000,0x000000008b32b960,0x000000008b380000)
 Metaspace       used 76584K, committed 78272K, reserved 1179648K
  class space    used 7911K, committed 8640K, reserved 1048576K
}
Event: 18.100 GC heap after
{Heap after GC invocations=766 (full 4):
 PSYoungGen      total 5632K, used 192K [0x00000000d5580000, 0x00000000d5c00000, 0x0000000100000000)
  eden space 4096K, 0% used [0x00000000d5580000,0x00000000d5580000,0x00000000d5980000)
  from space 1536K, 12% used [0x00000000d5980000,0x00000000d59b0000,0x00000000d5b00000)
  to   space 512K, 0% used [0x00000000d5b80000,0x00000000d5b80000,0x00000000d5c00000)
 ParOldGen       total 184320K, used 184150K [0x0000000080000000, 0x000000008b400000, 0x00000000d5580000)
  object space 184320K, 99% used [0x0000000080000000,0x000000008b3d5980,0x000000008b400000)
 Metaspace       used 76584K, committed 78272K, reserved 1179648K
  class space    used 7911K, committed 8640K, reserved 1048576K
}

