# JRE version: OpenJDK Runtime Environment Temurin-21.0.10+7 (21.0.10+7) (build 21.0.10+7-LTS)
# Java VM: OpenJDK 64-Bit Server VM Temurin-21.0.10+7 (21.0.10+7-LTS, mixed mode, sharing, tiered, compressed oops, compressed class ptrs, parallel gc, windows-amd64)
GC Precious Log:
 CardTable entry size: 512
 CPUs: 8 total, 8 available
 Memory: 16075M
 Large Page Support: Disabled
 NUMA Support: Disabled
 Compressed Oops: Enabled (32-bit)
 Alignments: Space 512K, Generation 512K, Heap 2M
 Heap Min Capacity: 100M
 Heap Initial Capacity: 100M
 Heap Max Capacity: 2G
 Pre-touch: Disabled
 Parallel Workers: 8
Heap:
 PSYoungGen      total 16384K, used 2329K [0x00000000d5580000, 0x00000000d6a80000, 0x0000000100000000)
  eden space 14848K, 6% used [0x00000000d5580000,0x00000000d5676690,0x00000000d6400000)
  from space 1536K, 87% used [0x00000000d6400000,0x00000000d6550010,0x00000000d6580000)
  to   space 3072K, 0% used [0x00000000d6780000,0x00000000d6780000,0x00000000d6a80000)
 ParOldGen       total 92160K, used 76213K [0x0000000080000000, 0x0000000085a00000, 0x00000000d5580000)
  object space 92160K, 82% used [0x0000000080000000,0x0000000084a6d4b0,0x0000000085a00000)
 Metaspace       used 61902K, committed 63424K, reserved 1114112K
  class space    used 6565K, committed 7232K, reserved 1048576K
GC Heap History (20 events):
Event: 26.964 GC heap before
{Heap before GC invocations=87 (full 2):
 PSYoungGen      total 19968K, used 19488K [0x00000000d5580000, 0x00000000d6a00000, 0x0000000100000000)
  eden space 18944K, 100% used [0x00000000d5580000,0x00000000d6800000,0x00000000d6800000)
  from space 1024K, 53% used [0x00000000d6900000,0x00000000d6988000,0x00000000d6a00000)
  to   space 1024K, 0% used [0x00000000d6800000,0x00000000d6800000,0x00000000d6900000)
 ParOldGen       total 89088K, used 88704K [0x0000000080000000, 0x0000000085700000, 0x00000000d5580000)
  object space 89088K, 99% used [0x0000000080000000,0x00000000856a0218,0x0000000085700000)
 Metaspace       used 54397K, committed 55872K, reserved 1114112K
  class space    used 5783K, committed 6400K, reserved 1048576K
}
Event: 26.968 GC heap after
{Heap after GC invocations=87 (full 2):
 PSYoungGen      total 19968K, used 1007K [0x00000000d5580000, 0x00000000d6d00000, 0x0000000100000000)
  eden space 18944K, 0% used [0x00000000d5580000,0x00000000d5580000,0x00000000d6800000)
  from space 1024K, 98% used [0x00000000d6800000,0x00000000d68fbdd8,0x00000000d6900000)
  to   space 2560K, 0% used [0x00000000d6a80000,0x00000000d6a80000,0x00000000d6d00000)
 ParOldGen       total 90112K, used 89873K [0x0000000080000000, 0x0000000085800000, 0x00000000d5580000)
  object space 90112K, 99% used [0x0000000080000000,0x00000000857c4678,0x0000000085800000)
 Metaspace       used 54397K, committed 55872K, reserved 1114112K
  class space    used 5783K, committed 6400K, reserved 1048576K
}
Event: 27.877 GC heap before
{Heap before GC invocations=88 (full 2):
 PSYoungGen      total 19968K, used 19951K [0x00000000d5580000, 0x00000000d6d00000, 0x0000000100000000)
  eden space 18944K, 100% used [0x00000000d5580000,0x00000000d6800000,0x00000000d6800000)
  from space 1024K, 98% used [0x00000000d6800000,0x00000000d68fbdd8,0x00000000d6900000)
  to   space 2560K, 0% used [0x00000000d6a80000,0x00000000d6a80000,0x00000000d6d00000)
 ParOldGen       total 90112K, used 89873K [0x0000000080000000, 0x0000000085800000, 0x00000000d5580000)
  object space 90112K, 99% used [0x0000000080000000,0x00000000857c4678,0x0000000085800000)
 Metaspace       used 56776K, committed 58240K, reserved 1114112K
  class space    used 6041K, committed 6656K, reserved 1048576K
}
Event: 27.880 GC heap after
{Heap after GC invocations=88 (full 2):
 PSYoungGen      total 19968K, used 952K [0x00000000d5580000, 0x00000000d6b80000, 0x0000000100000000)
  eden space 18944K, 0% used [0x00000000d5580000,0x00000000d5580000,0x00000000d6800000)
  from space 1024K, 93% used [0x00000000d6a80000,0x00000000d6b6e2e8,0x00000000d6b80000)
  to   space 1536K, 0% used [0x00000000d6880000,0x00000000d6880000,0x00000000d6a00000)
 ParOldGen       total 91136K, used 90627K [0x0000000080000000, 0x0000000085900000, 0x00000000d5580000)
  object space 91136K, 99% used [0x0000000080000000,0x0000000085880ca8,0x0000000085900000)
 Metaspace       used 56776K, committed 58240K, reserved 1114112K
  class space    used 6041K, committed 6656K, reserved 1048576K
}
Event: 28.758 GC heap before
{Heap before GC invocations=89 (full 2):
 PSYoungGen      total 19968K, used 19896K [0x00000000d5580000, 0x00000000d6b80000, 0x0000000100000000)
  eden space 18944K, 100% used [0x00000000d5580000,0x00000000d6800000,0x00000000d6800000)
  from space 1024K, 93% used [0x00000000d6a80000,0x00000000d6b6e2e8,0x00000000d6b80000)
  to   space 1536K, 0% used [0x00000000d6880000,0x00000000d6880000,0x00000000d6a00000)
 ParOldGen       total 91136K, used 90627K [0x0000000080000000, 0x0000000085900000, 0x00000000d5580000)
  object space 91136K, 99% used [0x0000000080000000,0x0000000085880ca8,0x0000000085900000)
 Metaspace       used 57539K, committed 59072K, reserved 1114112K
  class space    used 6144K, committed 6784K, reserved 1048576K
}
Event: 28.759 GC heap after
{Heap after GC invocations=89 (full 2):
 PSYoungGen      total 20480K, used 480K [0x00000000d5580000, 0x00000000d6b00000, 0x0000000100000000)
  eden space 18944K, 0% used [0x00000000d5580000,0x00000000d5580000,0x00000000d6800000)
  from space 1536K, 31% used [0x00000000d6880000,0x00000000d68f8010,0x00000000d6a00000)
  to   space 1024K, 0% used [0x00000000d6a00000,0x00000000d6a00000,0x00000000d6b00000)
 ParOldGen       total 91648K, used 91454K [0x0000000080000000, 0x0000000085980000, 0x00000000d5580000)
  object space 91648K, 99% used [0x0000000080000000,0x000000008594f9c0,0x0000000085980000)
 Metaspace       used 57539K, committed 59072K, reserved 1114112K
  class space    used 6144K, committed 6784K, reserved 1048576K
}
Event: 29.275 GC heap before
{Heap before GC invocations=90 (full 2):
 PSYoungGen      total 20480K, used 11970K [0x00000000d5580000, 0x00000000d6b00000, 0x0000000100000000)
  eden space 18944K, 60% used [0x00000000d5580000,0x00000000d60b8b70,0x00000000d6800000)
  from space 1536K, 31% used [0x00000000d6880000,0x00000000d68f8010,0x00000000d6a00000)
  to   space 1024K, 0% used [0x00000000d6a00000,0x00000000d6a00000,0x00000000d6b00000)
 ParOldGen       total 91648K, used 91454K [0x0000000080000000, 0x0000000085980000, 0x00000000d5580000)
  object space 91648K, 99% used [0x0000000080000000,0x000000008594f9c0,0x0000000085980000)
 Metaspace       used 58281K, committed 59776K, reserved 1114112K
  class space    used 6219K, committed 6848K, reserved 1048576K
}
Event: 29.277 GC heap after
{Heap after GC invocations=90 (full 2):
 PSYoungGen      total 19456K, used 352K [0x00000000d5580000, 0x00000000d6a80000, 0x0000000100000000)
  eden space 18944K, 0% used [0x00000000d5580000,0x00000000d5580000,0x00000000d6800000)
  from space 512K, 68% used [0x00000000d6a00000,0x00000000d6a58000,0x00000000d6a80000)
  to   space 512K, 0% used [0x00000000d6980000,0x00000000d6980000,0x00000000d6a00000)
 ParOldGen       total 92160K, used 91702K [0x0000000080000000, 0x0000000085a00000, 0x00000000d5580000)
  object space 92160K, 99% used [0x0000000080000000,0x000000008598d9c0,0x0000000085a00000)
 Metaspace       used 58281K, committed 59776K, reserved 1114112K
  class space    used 6219K, committed 6848K, reserved 1048576K
}
Event: 29.277 GC heap before
{Heap before GC invocations=91 (full 3):
 PSYoungGen      total 19456K, used 352K [0x00000000d5580000, 0x00000000d6a80000, 0x0000000100000000)
  eden space 18944K, 0% used [0x00000000d5580000,0x00000000d5580000,0x00000000d6800000)
  from space 512K, 68% used [0x00000000d6a00000,0x00000000d6a58000,0x00000000d6a80000)
  to   space 512K, 0% used [0x00000000d6980000,0x00000000d6980000,0x00000000d6a00000)
 ParOldGen       total 92160K, used 91702K [0x0000000080000000, 0x0000000085a00000, 0x00000000d5580000)
  object space 92160K, 99% used [0x0000000080000000,0x000000008598d9c0,0x0000000085a00000)
 Metaspace       used 58281K, committed 59776K, reserved 1114112K
  class space    used 6219K, committed 6848K, reserved 1048576K
}
Event: 29.431 GC heap after
{Heap after GC invocations=91 (full 3):
 PSYoungGen      total 19456K, used 0K [0x00000000d5580000, 0x00000000d6a80000, 0x0000000100000000)
  eden space 18944K, 0% used [0x00000000d5580000,0x00000000d5580000,0x00000000d6800000)
  from space 512K, 0% used [0x00000000d6a00000,0x00000000d6a00000,0x00000000d6a80000)
  to   space 512K, 0% used [0x00000000d6980000,0x00000000d6980000,0x00000000d6a00000)
 ParOldGen       total 92160K, used 69646K [0x0000000080000000, 0x0000000085a00000, 0x00000000d5580000)
  object space 92160K, 75% used [0x0000000080000000,0x0000000084403950,0x0000000085a00000)
 Metaspace       used 58281K, committed 59776K, reserved 1114112K
  class space    used 6219K, committed 6848K, reserved 1048576K
}
Event: 29.960 GC heap before
{Heap before GC invocations=92 (full 3):
 PSYoungGen      total 19456K, used 18944K [0x00000000d5580000, 0x00000000d6a80000, 0x0000000100000000)
  eden space 18944K, 100% used [0x00000000d5580000,0x00000000d6800000,0x00000000d6800000)
  from space 512K, 0% used [0x00000000d6a00000,0x00000000d6a00000,0x00000000d6a80000)
  to   space 512K, 0% used [0x00000000d6980000,0x00000000d6980000,0x00000000d6a00000)
 ParOldGen       total 92160K, used 69646K [0x0000000080000000, 0x0000000085a00000, 0x00000000d5580000)
  object space 92160K, 75% used [0x0000000080000000,0x0000000084403950,0x0000000085a00000)
 Metaspace       used 59426K, committed 61056K, reserved 1114112K
  class space    used 6347K, committed 7040K, reserved 1048576K
}
Event: 29.963 GC heap after
{Heap after GC invocations=92 (full 3):
 PSYoungGen      total 19456K, used 504K [0x00000000d5580000, 0x00000000d6d00000, 0x0000000100000000)
  eden space 18944K, 0% used [0x00000000d5580000,0x00000000d5580000,0x00000000d6800000)
  from space 512K, 98% used [0x00000000d6980000,0x00000000d69fe0a8,0x00000000d6a00000)
  to   space 2560K, 0% used [0x00000000d6a80000,0x00000000d6a80000,0x00000000d6d00000)
 ParOldGen       total 92160K, used 71148K [0x0000000080000000, 0x0000000085a00000, 0x00000000d5580000)
  object space 92160K, 77% used [0x0000000080000000,0x000000008457b100,0x0000000085a00000)
 Metaspace       used 59426K, committed 61056K, reserved 1114112K
  class space    used 6347K, committed 7040K, reserved 1048576K
}
Event: 30.052 GC heap before
{Heap before GC invocations=93 (full 3):
 PSYoungGen      total 19456K, used 19448K [0x00000000d5580000, 0x00000000d6d00000, 0x0000000100000000)
  eden space 18944K, 100% used [0x00000000d5580000,0x00000000d6800000,0x00000000d6800000)
  from space 512K, 98% used [0x00000000d6980000,0x00000000d69fe0a8,0x00000000d6a00000)
  to   space 2560K, 0% used [0x00000000d6a80000,0x00000000d6a80000,0x00000000d6d00000)
 ParOldGen       total 92160K, used 71148K [0x0000000080000000, 0x0000000085a00000, 0x00000000d5580000)
  object space 92160K, 77% used [0x0000000080000000,0x000000008457b100,0x0000000085a00000)
 Metaspace       used 59442K, committed 61056K, reserved 1114112K
  class space    used 6347K, committed 7040K, reserved 1048576K
}
Event: 30.054 GC heap after
{Heap after GC invocations=93 (full 3):
 PSYoungGen      total 19968K, used 777K [0x00000000d5580000, 0x00000000d6b80000, 0x0000000100000000)
  eden space 18944K, 0% used [0x00000000d5580000,0x00000000d5580000,0x00000000d6800000)
  from space 1024K, 75% used [0x00000000d6a80000,0x00000000d6b42730,0x00000000d6b80000)
  to   space 1536K, 0% used [0x00000000d6880000,0x00000000d6880000,0x00000000d6a00000)
 ParOldGen       total 92160K, used 71660K [0x0000000080000000, 0x0000000085a00000, 0x00000000d5580000)
  object space 92160K, 77% used [0x0000000080000000,0x00000000845fb1a8,0x0000000085a00000)
 Metaspace       used 59442K, committed 61056K, reserved 1114112K
  class space    used 6347K, committed 7040K, reserved 1048576K
}
Event: 30.947 GC heap before
{Heap before GC invocations=94 (full 3):
 PSYoungGen      total 19968K, used 19721K [0x00000000d5580000, 0x00000000d6b80000, 0x0000000100000000)
  eden space 18944K, 100% used [0x00000000d5580000,0x00000000d6800000,0x00000000d6800000)
  from space 1024K, 75% used [0x00000000d6a80000,0x00000000d6b42730,0x00000000d6b80000)
  to   space 1536K, 0% used [0x00000000d6880000,0x00000000d6880000,0x00000000d6a00000)
 ParOldGen       total 92160K, used 71660K [0x0000000080000000, 0x0000000085a00000, 0x00000000d5580000)
  object space 92160K, 77% used [0x0000000080000000,0x00000000845fb1a8,0x0000000085a00000)
 Metaspace       used 61132K, committed 62720K, reserved 1114112K
  class space    used 6514K, committed 7232K, reserved 1048576K
}
Event: 30.950 GC heap after
{Heap after GC invocations=94 (full 3):
 PSYoungGen      total 20480K, used 1134K [0x00000000d5580000, 0x00000000d6b00000, 0x0000000100000000)
  eden space 18944K, 0% used [0x00000000d5580000,0x00000000d5580000,0x00000000d6800000)
  from space 1536K, 73% used [0x00000000d6880000,0x00000000d699ba40,0x00000000d6a00000)
  to   space 1024K, 0% used [0x00000000d6a00000,0x00000000d6a00000,0x00000000d6b00000)
 ParOldGen       total 92160K, used 71676K [0x0000000080000000, 0x0000000085a00000, 0x00000000d5580000)
  object space 92160K, 77% used [0x0000000080000000,0x00000000845ff1a8,0x0000000085a00000)
 Metaspace       used 61132K, committed 62720K, reserved 1114112K
  class space    used 6514K, committed 7232K, reserved 1048576K
}
Event: 985.598 GC heap before
{Heap before GC invocations=95 (full 3):
 PSYoungGen      total 20480K, used 20050K [0x00000000d5580000, 0x00000000d6b00000, 0x0000000100000000)
  eden space 18944K, 99% used [0x00000000d5580000,0x00000000d67f8f78,0x00000000d6800000)
  from space 1536K, 73% used [0x00000000d6880000,0x00000000d699ba40,0x00000000d6a00000)
  to   space 1024K, 0% used [0x00000000d6a00000,0x00000000d6a00000,0x00000000d6b00000)
 ParOldGen       total 92160K, used 71676K [0x0000000080000000, 0x0000000085a00000, 0x00000000d5580000)
  object space 92160K, 77% used [0x0000000080000000,0x00000000845ff1a8,0x0000000085a00000)
 Metaspace       used 61762K, committed 63296K, reserved 1114112K
  class space    used 6564K, committed 7232K, reserved 1048576K
}
Event: 985.616 GC heap after
{Heap after GC invocations=95 (full 3):
 PSYoungGen      total 15872K, used 992K [0x00000000d5580000, 0x00000000d7400000, 0x0000000100000000)
  eden space 14848K, 0% used [0x00000000d5580000,0x00000000d5580000,0x00000000d6400000)
  from space 1024K, 96% used [0x00000000d6a00000,0x00000000d6af8328,0x00000000d6b00000)
  to   space 6144K, 0% used [0x00000000d6400000,0x00000000d6400000,0x00000000d6a00000)
 ParOldGen       total 92160K, used 75853K [0x0000000080000000, 0x0000000085a00000, 0x00000000d5580000)
  object space 92160K, 82% used [0x0000000080000000,0x0000000084a134b0,0x0000000085a00000)
 Metaspace       used 61762K, committed 63296K, reserved 1114112K
  class space    used 6564K, committed 7232K, reserved 1048576K
}
Event: 2458.404 GC heap before
{Heap before GC invocations=96 (full 3):
 PSYoungGen      total 15872K, used 15840K [0x00000000d5580000, 0x00000000d7400000, 0x0000000100000000)
  eden space 14848K, 99% used [0x00000000d5580000,0x00000000d63ffff8,0x00000000d6400000)
  from space 1024K, 96% used [0x00000000d6a00000,0x00000000d6af8328,0x00000000d6b00000)
  to   space 6144K, 0% used [0x00000000d6400000,0x00000000d6400000,0x00000000d6a00000)
 ParOldGen       total 92160K, used 75853K [0x0000000080000000, 0x0000000085a00000, 0x00000000d5580000)
  object space 92160K, 82% used [0x0000000080000000,0x0000000084a134b0,0x0000000085a00000)
 Metaspace       used 61893K, committed 63424K, reserved 1114112K
  class space    used 6565K, committed 7232K, reserved 1048576K
}
Event: 2458.426 GC heap after
{Heap after GC invocations=96 (full 3):
 PSYoungGen      total 16384K, used 1344K [0x00000000d5580000, 0x00000000d6a80000, 0x0000000100000000)
  eden space 14848K, 0% used [0x00000000d5580000,0x00000000d5580000,0x00000000d6400000)
  from space 1536K, 87% used [0x00000000d6400000,0x00000000d6550010,0x00000000d6580000)
  to   space 3072K, 0% used [0x00000000d6780000,0x00000000d6780000,0x00000000d6a80000)
 ParOldGen       total 92160K, used 76213K [0x0000000080000000, 0x0000000085a00000, 0x00000000d5580000)
  object space 92160K, 82% used [0x0000000080000000,0x0000000084a6d4b0,0x0000000085a00000)
 Metaspace       used 61893K, committed 63424K, reserved 1114112K
  class space    used 6565K, committed 7232K, reserved 1048576K
}

