# JRE version: OpenJDK Runtime Environment Temurin-21.0.10+7 (21.0.10+7) (build 21.0.10+7-LTS)
# Java VM: OpenJDK 64-Bit Server VM Temurin-21.0.10+7 (21.0.10+7-LTS, mixed mode, sharing, tiered, compressed oops, compressed class ptrs, parallel gc, windows-amd64)
GC Precious Log:
 CardTable entry size: 512
 CPUs: 8 total, 8 available
 Memory: 16075M
 Large Page Support: Disabled
 NUMA Support: Disabled
 Compressed Oops: Enabled (32-bit)
 Alignments: Space 512K, Generation 512K, Heap 2M
 Heap Min Capacity: 100M
 Heap Initial Capacity: 100M
 Heap Max Capacity: 2G
 Pre-touch: Disabled
 Parallel Workers: 8
Heap:
 PSYoungGen      total 6144K, used 3823K [0x00000000d5580000, 0x00000000d5f00000, 0x0000000100000000)
  eden space 5120K, 61% used [0x00000000d5580000,0x00000000d588fcb8,0x00000000d5a80000)
  from space 1024K, 67% used [0x00000000d5e00000,0x00000000d5eac010,0x00000000d5f00000)
  to   space 2048K, 0% used [0x00000000d5b00000,0x00000000d5b00000,0x00000000d5d00000)
 ParOldGen       total 594432K, used 594014K [0x0000000080000000, 0x00000000a4480000, 0x00000000d5580000)
  object space 594432K, 99% used [0x0000000080000000,0x00000000a44179b8,0x00000000a4480000)
 Metaspace       used 82542K, committed 84480K, reserved 1179648K
  class space    used 8380K, committed 9280K, reserved 1048576K
GC Heap History (20 events):
Event: 214.758 GC heap before
{Heap before GC invocations=709 (full 4):
 PSYoungGen      total 6144K, used 5774K [0x00000000d5580000, 0x00000000d5c80000, 0x0000000100000000)
  eden space 5120K, 100% used [0x00000000d5580000,0x00000000d5a80000,0x00000000d5a80000)
  from space 1024K, 63% used [0x00000000d5b80000,0x00000000d5c23b00,0x00000000d5c80000)
  to   space 1024K, 0% used [0x00000000d5a80000,0x00000000d5a80000,0x00000000d5b80000)
 ParOldGen       total 583168K, used 582919K [0x0000000080000000, 0x00000000a3980000, 0x00000000d5580000)
  object space 583168K, 99% used [0x0000000080000000,0x00000000a3941c68,0x00000000a3980000)
 Metaspace       used 82234K, committed 84096K, reserved 1179648K
  class space    used 8346K, committed 9216K, reserved 1048576K
}
Event: 214.760 GC heap after
{Heap after GC invocations=709 (full 4):
 PSYoungGen      total 6144K, used 1022K [0x00000000d5580000, 0x00000000d6080000, 0x0000000100000000)
  eden space 5120K, 0% used [0x00000000d5580000,0x00000000d5580000,0x00000000d5a80000)
  from space 1024K, 99% used [0x00000000d5a80000,0x00000000d5b7f960,0x00000000d5b80000)
  to   space 2560K, 0% used [0x00000000d5e00000,0x00000000d5e00000,0x00000000d6080000)
 ParOldGen       total 584192K, used 583881K [0x0000000080000000, 0x00000000a3a80000, 0x00000000d5580000)
  object space 584192K, 99% used [0x0000000080000000,0x00000000a3a324f8,0x00000000a3a80000)
 Metaspace       used 82234K, committed 84096K, reserved 1179648K
  class space    used 8346K, committed 9216K, reserved 1048576K
}
Event: 214.778 GC heap before
{Heap before GC invocations=710 (full 4):
 PSYoungGen      total 6144K, used 6142K [0x00000000d5580000, 0x00000000d6080000, 0x0000000100000000)
  eden space 5120K, 100% used [0x00000000d5580000,0x00000000d5a80000,0x00000000d5a80000)
  from space 1024K, 99% used [0x00000000d5a80000,0x00000000d5b7f960,0x00000000d5b80000)
  to   space 2560K, 0% used [0x00000000d5e00000,0x00000000d5e00000,0x00000000d6080000)
 ParOldGen       total 584192K, used 583881K [0x0000000080000000, 0x00000000a3a80000, 0x00000000d5580000)
  object space 584192K, 99% used [0x0000000080000000,0x00000000a3a324f8,0x00000000a3a80000)
 Metaspace       used 82320K, committed 84224K, reserved 1179648K
  class space    used 8354K, committed 9216K, reserved 1048576K
}
Event: 214.779 GC heap after
{Heap after GC invocations=710 (full 4):
 PSYoungGen      total 6144K, used 570K [0x00000000d5580000, 0x00000000d5f00000, 0x0000000100000000)
  eden space 5120K, 0% used [0x00000000d5580000,0x00000000d5580000,0x00000000d5a80000)
  from space 1024K, 55% used [0x00000000d5e00000,0x00000000d5e8e900,0x00000000d5f00000)
  to   space 1536K, 0% used [0x00000000d5c00000,0x00000000d5c00000,0x00000000d5d80000)
 ParOldGen       total 584192K, used 584118K [0x0000000080000000, 0x00000000a3a80000, 0x00000000d5580000)
  object space 584192K, 99% used [0x0000000080000000,0x00000000a3a6db38,0x00000000a3a80000)
 Metaspace       used 82320K, committed 84224K, reserved 1179648K
  class space    used 8354K, committed 9216K, reserved 1048576K
}
Event: 214.789 GC heap before
{Heap before GC invocations=711 (full 4):
 PSYoungGen      total 6144K, used 5690K [0x00000000d5580000, 0x00000000d5f00000, 0x0000000100000000)
  eden space 5120K, 100% used [0x00000000d5580000,0x00000000d5a80000,0x00000000d5a80000)
  from space 1024K, 55% used [0x00000000d5e00000,0x00000000d5e8e900,0x00000000d5f00000)
  to   space 1536K, 0% used [0x00000000d5c00000,0x00000000d5c00000,0x00000000d5d80000)
 ParOldGen       total 584192K, used 584118K [0x0000000080000000, 0x00000000a3a80000, 0x00000000d5580000)
  object space 584192K, 99% used [0x0000000080000000,0x00000000a3a6db38,0x00000000a3a80000)
 Metaspace       used 82381K, committed 84288K, reserved 1179648K
  class space    used 8357K, committed 9216K, reserved 1048576K
}
Event: 214.792 GC heap after
{Heap after GC invocations=711 (full 4):
 PSYoungGen      total 6656K, used 1522K [0x00000000d5580000, 0x00000000d5f80000, 0x0000000100000000)
  eden space 5120K, 0% used [0x00000000d5580000,0x00000000d5580000,0x00000000d5a80000)
  from space 1536K, 99% used [0x00000000d5c00000,0x00000000d5d7cb60,0x00000000d5d80000)
  to   space 2048K, 0% used [0x00000000d5d80000,0x00000000d5d80000,0x00000000d5f80000)
 ParOldGen       total 585216K, used 584715K [0x0000000080000000, 0x00000000a3b80000, 0x00000000d5580000)
  object space 585216K, 99% used [0x0000000080000000,0x00000000a3b02d38,0x00000000a3b80000)
 Metaspace       used 82381K, committed 84288K, reserved 1179648K
  class space    used 8357K, committed 9216K, reserved 1048576K
}
Event: 214.802 GC heap before
{Heap before GC invocations=712 (full 4):
 PSYoungGen      total 6656K, used 6642K [0x00000000d5580000, 0x00000000d5f80000, 0x0000000100000000)
  eden space 5120K, 100% used [0x00000000d5580000,0x00000000d5a80000,0x00000000d5a80000)
  from space 1536K, 99% used [0x00000000d5c00000,0x00000000d5d7cb60,0x00000000d5d80000)
  to   space 2048K, 0% used [0x00000000d5d80000,0x00000000d5d80000,0x00000000d5f80000)
 ParOldGen       total 585216K, used 584715K [0x0000000080000000, 0x00000000a3b80000, 0x00000000d5580000)
  object space 585216K, 99% used [0x0000000080000000,0x00000000a3b02d38,0x00000000a3b80000)
 Metaspace       used 82384K, committed 84288K, reserved 1179648K
  class space    used 8358K, committed 9216K, reserved 1048576K
}
Event: 214.804 GC heap after
{Heap after GC invocations=712 (full 4):
 PSYoungGen      total 6144K, used 952K [0x00000000d5580000, 0x00000000d5e80000, 0x0000000100000000)
  eden space 5120K, 0% used [0x00000000d5580000,0x00000000d5580000,0x00000000d5a80000)
  from space 1024K, 93% used [0x00000000d5d80000,0x00000000d5e6e260,0x00000000d5e80000)
  to   space 1536K, 0% used [0x00000000d5b80000,0x00000000d5b80000,0x00000000d5d00000)
 ParOldGen       total 585216K, used 585087K [0x0000000080000000, 0x00000000a3b80000, 0x00000000d5580000)
  object space 585216K, 99% used [0x0000000080000000,0x00000000a3b5fdf8,0x00000000a3b80000)
 Metaspace       used 82384K, committed 84288K, reserved 1179648K
  class space    used 8358K, committed 9216K, reserved 1048576K
}
Event: 214.821 GC heap before
{Heap before GC invocations=713 (full 4):
 PSYoungGen      total 6144K, used 6072K [0x00000000d5580000, 0x00000000d5e80000, 0x0000000100000000)
  eden space 5120K, 100% used [0x00000000d5580000,0x00000000d5a80000,0x00000000d5a80000)
  from space 1024K, 93% used [0x00000000d5d80000,0x00000000d5e6e260,0x00000000d5e80000)
  to   space 1536K, 0% used [0x00000000d5b80000,0x00000000d5b80000,0x00000000d5d00000)
 ParOldGen       total 585216K, used 585087K [0x0000000080000000, 0x00000000a3b80000, 0x00000000d5580000)
  object space 585216K, 99% used [0x0000000080000000,0x00000000a3b5fdf8,0x00000000a3b80000)
 Metaspace       used 82398K, committed 84288K, reserved 1179648K
  class space    used 8359K, committed 9216K, reserved 1048576K
}
Event: 214.823 GC heap after
{Heap after GC invocations=713 (full 4):
 PSYoungGen      total 6656K, used 544K [0x00000000d5580000, 0x00000000d5e00000, 0x0000000100000000)
  eden space 5120K, 0% used [0x00000000d5580000,0x00000000d5580000,0x00000000d5a80000)
  from space 1536K, 35% used [0x00000000d5b80000,0x00000000d5c08000,0x00000000d5d00000)
  to   space 1024K, 0% used [0x00000000d5d00000,0x00000000d5d00000,0x00000000d5e00000)
 ParOldGen       total 585728K, used 585331K [0x0000000080000000, 0x00000000a3c00000, 0x00000000d5580000)
  object space 585728K, 99% used [0x0000000080000000,0x00000000a3b9cff8,0x00000000a3c00000)
 Metaspace       used 82398K, committed 84288K, reserved 1179648K
  class space    used 8359K, committed 9216K, reserved 1048576K
}
Event: 214.841 GC heap before
{Heap before GC invocations=714 (full 4):
 PSYoungGen      total 6656K, used 5664K [0x00000000d5580000, 0x00000000d5e00000, 0x0000000100000000)
  eden space 5120K, 100% used [0x00000000d5580000,0x00000000d5a80000,0x00000000d5a80000)
  from space 1536K, 35% used [0x00000000d5b80000,0x00000000d5c08000,0x00000000d5d00000)
  to   space 1024K, 0% used [0x00000000d5d00000,0x00000000d5d00000,0x00000000d5e00000)
 ParOldGen       total 585728K, used 585331K [0x0000000080000000, 0x00000000a3c00000, 0x00000000d5580000)
  object space 585728K, 99% used [0x0000000080000000,0x00000000a3b9cff8,0x00000000a3c00000)
 Metaspace       used 82410K, committed 84288K, reserved 1179648K
  class space    used 8362K, committed 9216K, reserved 1048576K
}
Event: 214.843 GC heap after
{Heap after GC invocations=714 (full 4):
 PSYoungGen      total 6144K, used 724K [0x00000000d5580000, 0x00000000d5e00000, 0x0000000100000000)
  eden space 5120K, 0% used [0x00000000d5580000,0x00000000d5580000,0x00000000d5a80000)
  from space 1024K, 70% used [0x00000000d5d00000,0x00000000d5db5200,0x00000000d5e00000)
  to   space 1024K, 0% used [0x00000000d5c00000,0x00000000d5c00000,0x00000000d5d00000)
 ParOldGen       total 586240K, used 585763K [0x0000000080000000, 0x00000000a3c80000, 0x00000000d5580000)
  object space 586240K, 99% used [0x0000000080000000,0x00000000a3c08ff8,0x00000000a3c80000)
 Metaspace       used 82410K, committed 84288K, reserved 1179648K
  class space    used 8362K, committed 9216K, reserved 1048576K
}
Event: 214.874 GC heap before
{Heap before GC invocations=715 (full 4):
 PSYoungGen      total 6144K, used 5844K [0x00000000d5580000, 0x00000000d5e00000, 0x0000000100000000)
  eden space 5120K, 100% used [0x00000000d5580000,0x00000000d5a80000,0x00000000d5a80000)
  from space 1024K, 70% used [0x00000000d5d00000,0x00000000d5db5200,0x00000000d5e00000)
  to   space 1024K, 0% used [0x00000000d5c00000,0x00000000d5c00000,0x00000000d5d00000)
 ParOldGen       total 586240K, used 585763K [0x0000000080000000, 0x00000000a3c80000, 0x00000000d5580000)
  object space 586240K, 99% used [0x0000000080000000,0x00000000a3c08ff8,0x00000000a3c80000)
 Metaspace       used 82467K, committed 84416K, reserved 1179648K
  class space    used 8370K, committed 9280K, reserved 1048576K
}
Event: 214.876 GC heap after
{Heap after GC invocations=715 (full 4):
 PSYoungGen      total 6144K, used 372K [0x00000000d5580000, 0x00000000d5d80000, 0x0000000100000000)
  eden space 5120K, 0% used [0x00000000d5580000,0x00000000d5580000,0x00000000d5a80000)
  from space 1024K, 36% used [0x00000000d5c00000,0x00000000d5c5d200,0x00000000d5d00000)
  to   space 512K, 0% used [0x00000000d5d00000,0x00000000d5d00000,0x00000000d5d80000)
 ParOldGen       total 586240K, used 585971K [0x0000000080000000, 0x00000000a3c80000, 0x00000000d5580000)
  object space 586240K, 99% used [0x0000000080000000,0x00000000a3c3cff8,0x00000000a3c80000)
 Metaspace       used 82467K, committed 84416K, reserved 1179648K
  class space    used 8370K, committed 9280K, reserved 1048576K
}
Event: 214.895 GC heap before
{Heap before GC invocations=716 (full 4):
 PSYoungGen      total 6144K, used 5492K [0x00000000d5580000, 0x00000000d5d80000, 0x0000000100000000)
  eden space 5120K, 100% used [0x00000000d5580000,0x00000000d5a80000,0x00000000d5a80000)
  from space 1024K, 36% used [0x00000000d5c00000,0x00000000d5c5d200,0x00000000d5d00000)
  to   space 512K, 0% used [0x00000000d5d00000,0x00000000d5d00000,0x00000000d5d80000)
 ParOldGen       total 586240K, used 585971K [0x0000000080000000, 0x00000000a3c80000, 0x00000000d5580000)
  object space 586240K, 99% used [0x0000000080000000,0x00000000a3c3cff8,0x00000000a3c80000)
 Metaspace       used 82474K, committed 84416K, reserved 1179648K
  class space    used 8371K, committed 9280K, reserved 1048576K
}
Event: 214.896 GC heap after
{Heap after GC invocations=716 (full 4):
 PSYoungGen      total 5632K, used 308K [0x00000000d5580000, 0x00000000d5d80000, 0x0000000100000000)
  eden space 5120K, 0% used [0x00000000d5580000,0x00000000d5580000,0x00000000d5a80000)
  from space 512K, 60% used [0x00000000d5d00000,0x00000000d5d4d200,0x00000000d5d80000)
  to   space 512K, 0% used [0x00000000d5c80000,0x00000000d5c80000,0x00000000d5d00000)
 ParOldGen       total 586240K, used 586051K [0x0000000080000000, 0x00000000a3c80000, 0x00000000d5580000)
  object space 586240K, 99% used [0x0000000080000000,0x00000000a3c50ff8,0x00000000a3c80000)
 Metaspace       used 82474K, committed 84416K, reserved 1179648K
  class space    used 8371K, committed 9280K, reserved 1048576K
}
Event: 214.916 GC heap before
{Heap before GC invocations=717 (full 4):
 PSYoungGen      total 5632K, used 5428K [0x00000000d5580000, 0x00000000d5d80000, 0x0000000100000000)
  eden space 5120K, 100% used [0x00000000d5580000,0x00000000d5a80000,0x00000000d5a80000)
  from space 512K, 60% used [0x00000000d5d00000,0x00000000d5d4d200,0x00000000d5d80000)
  to   space 512K, 0% used [0x00000000d5c80000,0x00000000d5c80000,0x00000000d5d00000)
 ParOldGen       total 586240K, used 586051K [0x0000000080000000, 0x00000000a3c80000, 0x00000000d5580000)
  object space 586240K, 99% used [0x0000000080000000,0x00000000a3c50ff8,0x00000000a3c80000)
 Metaspace       used 82524K, committed 84416K, reserved 1179648K
  class space    used 8380K, committed 9280K, reserved 1048576K
}
Event: 214.919 GC heap after
{Heap after GC invocations=717 (full 4):
 PSYoungGen      total 5632K, used 504K [0x00000000d5580000, 0x00000000d6280000, 0x0000000100000000)
  eden space 5120K, 0% used [0x00000000d5580000,0x00000000d5580000,0x00000000d5a80000)
  from space 512K, 98% used [0x00000000d5c80000,0x00000000d5cfe230,0x00000000d5d00000)
  to   space 4096K, 0% used [0x00000000d5e80000,0x00000000d5e80000,0x00000000d6280000)
 ParOldGen       total 589312K, used 589008K [0x0000000080000000, 0x00000000a3f80000, 0x00000000d5580000)
  object space 589312K, 99% used [0x0000000080000000,0x00000000a3f34180,0x00000000a3f80000)
 Metaspace       used 82524K, committed 84416K, reserved 1179648K
  class space    used 8380K, committed 9280K, reserved 1048576K
}
Event: 214.947 GC heap before
{Heap before GC invocations=718 (full 4):
 PSYoungGen      total 5632K, used 5197K [0x00000000d5580000, 0x00000000d6280000, 0x0000000100000000)
  eden space 5120K, 91% used [0x00000000d5580000,0x00000000d5a15408,0x00000000d5a80000)
  from space 512K, 98% used [0x00000000d5c80000,0x00000000d5cfe230,0x00000000d5d00000)
  to   space 4096K, 0% used [0x00000000d5e80000,0x00000000d5e80000,0x00000000d6280000)
 ParOldGen       total 589312K, used 589008K [0x0000000080000000, 0x00000000a3f80000, 0x00000000d5580000)
  object space 589312K, 99% used [0x0000000080000000,0x00000000a3f34180,0x00000000a3f80000)
 Metaspace       used 82534K, committed 84480K, reserved 1179648K
  class space    used 8380K, committed 9280K, reserved 1048576K
}
Event: 214.951 GC heap after
{Heap after GC invocations=718 (full 4):
 PSYoungGen      total 9216K, used 3721K [0x00000000d5580000, 0x00000000d6280000, 0x0000000100000000)
  eden space 5120K, 0% used [0x00000000d5580000,0x00000000d5580000,0x00000000d5a80000)
  from space 4096K, 90% used [0x00000000d5e80000,0x00000000d62227f0,0x00000000d6280000)
  to   space 4096K, 0% used [0x00000000d5a80000,0x00000000d5a80000,0x00000000d5e80000)
 ParOldGen       total 589824K, used 589507K [0x0000000080000000, 0x00000000a4000000, 0x00000000d5580000)
  object space 589824K, 99% used [0x0000000080000000,0x00000000a3fb0dd8,0x00000000a4000000)
 Metaspace       used 82534K, committed 84480K, reserved 1179648K
  class space    used 8380K, committed 9280K, reserved 1048576K
}

